[debug] [2023-02-25T12:04:15.252Z] ----------------------------------------------------------------------
[debug] [2023-02-25T12:04:15.258Z] Command:       /usr/local/bin/node /usr/local/bin/firebase deploy
[debug] [2023-02-25T12:04:15.259Z] CLI Version:   11.24.0
[debug] [2023-02-25T12:04:15.260Z] Platform:      linux
[debug] [2023-02-25T12:04:15.260Z] Node Version:  v19.0.0
[debug] [2023-02-25T12:04:15.260Z] Time:          Sat Feb 25 2023 14:04:15 GMT+0200 (Eastern European Standard Time)
[debug] [2023-02-25T12:04:15.261Z] ----------------------------------------------------------------------
[debug] 
[debug] [2023-02-25T12:04:15.636Z] > command requires scopes: ["email","openid","https://www.googleapis.com/auth/cloudplatformprojects.readonly","https://www.googleapis.com/auth/firebase","https://www.googleapis.com/auth/cloud-platform"]
[debug] [2023-02-25T12:04:15.637Z] > authorizing via signed-in user (yassenshopov00@gmail.com)
[debug] [2023-02-25T12:04:15.638Z] [iam] checking project inkmorphism for permissions ["firebase.projects.get","firebasehosting.sites.update"]
[debug] [2023-02-25T12:04:15.644Z] >>> [apiv2][query] POST https://cloudresourcemanager.googleapis.com/v1/projects/inkmorphism:testIamPermissions [none]
[debug] [2023-02-25T12:04:15.645Z] >>> [apiv2][(partial)header] POST https://cloudresourcemanager.googleapis.com/v1/projects/inkmorphism:testIamPermissions x-goog-quota-user=projects/inkmorphism
[debug] [2023-02-25T12:04:15.645Z] >>> [apiv2][body] POST https://cloudresourcemanager.googleapis.com/v1/projects/inkmorphism:testIamPermissions {"permissions":["firebase.projects.get","firebasehosting.sites.update"]}
[debug] [2023-02-25T12:04:16.755Z] <<< [apiv2][status] POST https://cloudresourcemanager.googleapis.com/v1/projects/inkmorphism:testIamPermissions 200
[debug] [2023-02-25T12:04:16.755Z] <<< [apiv2][body] POST https://cloudresourcemanager.googleapis.com/v1/projects/inkmorphism:testIamPermissions {"permissions":["firebase.projects.get","firebasehosting.sites.update"]}
[debug] [2023-02-25T12:04:16.758Z] >>> [apiv2][query] GET https://firebase.googleapis.com/v1beta1/projects/inkmorphism [none]
[debug] [2023-02-25T12:04:17.053Z] <<< [apiv2][status] GET https://firebase.googleapis.com/v1beta1/projects/inkmorphism 200
[debug] [2023-02-25T12:04:17.054Z] <<< [apiv2][body] GET https://firebase.googleapis.com/v1beta1/projects/inkmorphism {"projectId":"inkmorphism","projectNumber":"958500926197","displayName":"inkmorphism","name":"projects/inkmorphism","resources":{"hostingSite":"inkmorphism","storageBucket":"inkmorphism.appspot.com","locationId":"us-central"},"state":"ACTIVE","etag":"1_b58b2db9-b38c-4bb7-8455-f4f4167636ab"}
[debug] [2023-02-25T12:04:20.683Z] >>> [apiv2][query] GET https://firebasehosting.googleapis.com/v1beta1/projects/inkmorphism/sites pageToken=&pageSize=10
[debug] [2023-02-25T12:04:22.594Z] <<< [apiv2][status] GET https://firebasehosting.googleapis.com/v1beta1/projects/inkmorphism/sites 200
[debug] [2023-02-25T12:04:22.594Z] <<< [apiv2][body] GET https://firebasehosting.googleapis.com/v1beta1/projects/inkmorphism/sites {"sites":[{"name":"projects/inkmorphism/sites/inkmorphism","defaultUrl":"https://inkmorphism.web.app","type":"DEFAULT_SITE"}]}
[debug] [2023-02-25T12:04:22.596Z] >>> [apiv2][query] GET https://firebasehosting.googleapis.com/v1beta1/projects/inkmorphism/sites 
[debug] [2023-02-25T12:04:22.996Z] <<< [apiv2][status] GET https://firebasehosting.googleapis.com/v1beta1/projects/inkmorphism/sites 200
[debug] [2023-02-25T12:04:22.998Z] <<< [apiv2][body] GET https://firebasehosting.googleapis.com/v1beta1/projects/inkmorphism/sites {"sites":[{"name":"projects/inkmorphism/sites/inkmorphism","defaultUrl":"https://inkmorphism.web.app","type":"DEFAULT_SITE"}]}
[debug] [2023-02-25T12:04:22.999Z] >>> [apiv2][query] GET https://firebase.googleapis.com/v1beta1/projects/inkmorphism/webApps/-/config [none]
[debug] [2023-02-25T12:04:23.814Z] <<< [apiv2][status] GET https://firebase.googleapis.com/v1beta1/projects/inkmorphism/webApps/-/config 200
[debug] [2023-02-25T12:04:23.814Z] <<< [apiv2][body] GET https://firebase.googleapis.com/v1beta1/projects/inkmorphism/webApps/-/config {"projectId":"inkmorphism","appId":"1:958500926197:web:7100568f3d871252924bbc","storageBucket":"inkmorphism.appspot.com","locationId":"us-central","apiKey":"AIzaSyC9YCslpVt_W8QyQKeI9gwaLeHeVWF6Kec","authDomain":"inkmorphism.firebaseapp.com","messagingSenderId":"958500926197","measurementId":"G-45TFYSTFLF"}
[debug] [2023-02-25T12:06:40.029Z] Error: Export encountered errors on following paths:
	/components/blog
	/components/footer
	/components/hero
	/components/nav
    at /home/yassenshopov/Documents/Programming/Github_Repositories/inkmorphism-next/node_modules/next/dist/export/index.js:409:19
    at process.processTicksAndRejections (node:internal/process/task_queues:95:5)
    at async Span.traceAsyncFn (/home/yassenshopov/Documents/Programming/Github_Repositories/inkmorphism-next/node_modules/next/dist/trace/trace.js:79:20)
    at async /home/yassenshopov/Documents/Programming/Github_Repositories/inkmorphism-next/node_modules/next/dist/build/index.js:1345:21
    at async Span.traceAsyncFn (/home/yassenshopov/Documents/Programming/Github_Repositories/inkmorphism-next/node_modules/next/dist/trace/trace.js:79:20)
    at async /home/yassenshopov/Documents/Programming/Github_Repositories/inkmorphism-next/node_modules/next/dist/build/index.js:1205:17
    at async Span.traceAsyncFn (/home/yassenshopov/Documents/Programming/Github_Repositories/inkmorphism-next/node_modules/next/dist/trace/trace.js:79:20)
    at async build (/home/yassenshopov/Documents/Programming/Github_Repositories/inkmorphism-next/node_modules/next/dist/build/index.js:66:29)
    at async build (/usr/local/lib/node_modules/firebase-tools/lib/frameworks/next/index.js:55:5)
    at async prepareFrameworks (/usr/local/lib/node_modules/firebase-tools/lib/frameworks/index.js:261:108)
    at async deploy (/usr/local/lib/node_modules/firebase-tools/lib/deploy/index.js:53:13)
[error] 
[error] Error: An unexpected error has occurred.
[debug] [2023-02-25T12:11:16.701Z] ----------------------------------------------------------------------
[debug] [2023-02-25T12:11:16.709Z] Command:       /usr/local/bin/node /usr/local/bin/firebase deploy
[debug] [2023-02-25T12:11:16.711Z] CLI Version:   11.24.0
[debug] [2023-02-25T12:11:16.712Z] Platform:      linux
[debug] [2023-02-25T12:11:16.712Z] Node Version:  v19.0.0
[debug] [2023-02-25T12:11:16.713Z] Time:          Sat Feb 25 2023 14:11:16 GMT+0200 (Eastern European Standard Time)
[debug] [2023-02-25T12:11:16.713Z] ----------------------------------------------------------------------
[debug] 
[debug] [2023-02-25T12:11:16.978Z] > command requires scopes: ["email","openid","https://www.googleapis.com/auth/cloudplatformprojects.readonly","https://www.googleapis.com/auth/firebase","https://www.googleapis.com/auth/cloud-platform"]
[debug] [2023-02-25T12:11:16.979Z] > authorizing via signed-in user (yassenshopov00@gmail.com)
[debug] [2023-02-25T12:11:16.980Z] [iam] checking project inkmorphism for permissions ["firebase.projects.get","firebasehosting.sites.update"]
[debug] [2023-02-25T12:11:16.986Z] >>> [apiv2][query] POST https://cloudresourcemanager.googleapis.com/v1/projects/inkmorphism:testIamPermissions [none]
[debug] [2023-02-25T12:11:16.987Z] >>> [apiv2][(partial)header] POST https://cloudresourcemanager.googleapis.com/v1/projects/inkmorphism:testIamPermissions x-goog-quota-user=projects/inkmorphism
[debug] [2023-02-25T12:11:16.987Z] >>> [apiv2][body] POST https://cloudresourcemanager.googleapis.com/v1/projects/inkmorphism:testIamPermissions {"permissions":["firebase.projects.get","firebasehosting.sites.update"]}
[debug] [2023-02-25T12:11:18.055Z] <<< [apiv2][status] POST https://cloudresourcemanager.googleapis.com/v1/projects/inkmorphism:testIamPermissions 200
[debug] [2023-02-25T12:11:18.056Z] <<< [apiv2][body] POST https://cloudresourcemanager.googleapis.com/v1/projects/inkmorphism:testIamPermissions {"permissions":["firebase.projects.get","firebasehosting.sites.update"]}
[debug] [2023-02-25T12:11:18.059Z] >>> [apiv2][query] GET https://firebase.googleapis.com/v1beta1/projects/inkmorphism [none]
[debug] [2023-02-25T12:11:18.424Z] <<< [apiv2][status] GET https://firebase.googleapis.com/v1beta1/projects/inkmorphism 200
[debug] [2023-02-25T12:11:18.425Z] <<< [apiv2][body] GET https://firebase.googleapis.com/v1beta1/projects/inkmorphism {"projectId":"inkmorphism","projectNumber":"958500926197","displayName":"inkmorphism","name":"projects/inkmorphism","resources":{"hostingSite":"inkmorphism","storageBucket":"inkmorphism.appspot.com","locationId":"us-central"},"state":"ACTIVE","etag":"1_e2680a6f-e392-4c67-8ad7-75a2f48ad02f"}
[debug] [2023-02-25T12:11:26.176Z] >>> [apiv2][query] GET https://firebasehosting.googleapis.com/v1beta1/projects/inkmorphism/sites pageToken=&pageSize=10
[debug] [2023-02-25T12:11:27.428Z] <<< [apiv2][status] GET https://firebasehosting.googleapis.com/v1beta1/projects/inkmorphism/sites 200
[debug] [2023-02-25T12:11:27.428Z] <<< [apiv2][body] GET https://firebasehosting.googleapis.com/v1beta1/projects/inkmorphism/sites {"sites":[{"name":"projects/inkmorphism/sites/inkmorphism","defaultUrl":"https://inkmorphism.web.app","type":"DEFAULT_SITE"}]}
[debug] [2023-02-25T12:11:27.430Z] >>> [apiv2][query] GET https://firebasehosting.googleapis.com/v1beta1/projects/inkmorphism/sites 
[debug] [2023-02-25T12:11:27.838Z] <<< [apiv2][status] GET https://firebasehosting.googleapis.com/v1beta1/projects/inkmorphism/sites 200
[debug] [2023-02-25T12:11:27.839Z] <<< [apiv2][body] GET https://firebasehosting.googleapis.com/v1beta1/projects/inkmorphism/sites {"sites":[{"name":"projects/inkmorphism/sites/inkmorphism","defaultUrl":"https://inkmorphism.web.app","type":"DEFAULT_SITE"}]}
[debug] [2023-02-25T12:11:27.841Z] >>> [apiv2][query] GET https://firebase.googleapis.com/v1beta1/projects/inkmorphism/webApps/-/config [none]
[debug] [2023-02-25T12:11:28.655Z] <<< [apiv2][status] GET https://firebase.googleapis.com/v1beta1/projects/inkmorphism/webApps/-/config 200
[debug] [2023-02-25T12:11:28.655Z] <<< [apiv2][body] GET https://firebase.googleapis.com/v1beta1/projects/inkmorphism/webApps/-/config {"projectId":"inkmorphism","appId":"1:958500926197:web:7100568f3d871252924bbc","storageBucket":"inkmorphism.appspot.com","locationId":"us-central","apiKey":"AIzaSyC9YCslpVt_W8QyQKeI9gwaLeHeVWF6Kec","authDomain":"inkmorphism.firebaseapp.com","messagingSenderId":"958500926197","measurementId":"G-45TFYSTFLF"}
[debug] [2023-02-25T12:12:24.577Z] Error: Export encountered errors on following paths:
	/components/blog
	/components/footer
	/components/hero
	/components/nav
    at /home/yassenshopov/Documents/Programming/Github_Repositories/inkmorphism-next/node_modules/next/dist/export/index.js:409:19
    at process.processTicksAndRejections (node:internal/process/task_queues:95:5)
    at async Span.traceAsyncFn (/home/yassenshopov/Documents/Programming/Github_Repositories/inkmorphism-next/node_modules/next/dist/trace/trace.js:79:20)
    at async /home/yassenshopov/Documents/Programming/Github_Repositories/inkmorphism-next/node_modules/next/dist/build/index.js:1345:21
    at async Span.traceAsyncFn (/home/yassenshopov/Documents/Programming/Github_Repositories/inkmorphism-next/node_modules/next/dist/trace/trace.js:79:20)
    at async /home/yassenshopov/Documents/Programming/Github_Repositories/inkmorphism-next/node_modules/next/dist/build/index.js:1205:17
    at async Span.traceAsyncFn (/home/yassenshopov/Documents/Programming/Github_Repositories/inkmorphism-next/node_modules/next/dist/trace/trace.js:79:20)
    at async build (/home/yassenshopov/Documents/Programming/Github_Repositories/inkmorphism-next/node_modules/next/dist/build/index.js:66:29)
    at async build (/usr/local/lib/node_modules/firebase-tools/lib/frameworks/next/index.js:55:5)
    at async prepareFrameworks (/usr/local/lib/node_modules/firebase-tools/lib/frameworks/index.js:261:108)
    at async deploy (/usr/local/lib/node_modules/firebase-tools/lib/deploy/index.js:53:13)
[error] 
[error] Error: An unexpected error has occurred.
[debug] [2023-02-25T12:23:57.161Z] ----------------------------------------------------------------------
[debug] [2023-02-25T12:23:57.262Z] Command:       /usr/local/bin/node /usr/local/bin/firebase deploy
[debug] [2023-02-25T12:23:57.265Z] CLI Version:   11.24.0
[debug] [2023-02-25T12:23:57.267Z] Platform:      linux
[debug] [2023-02-25T12:23:57.267Z] Node Version:  v19.0.0
[debug] [2023-02-25T12:23:57.268Z] Time:          Sat Feb 25 2023 14:23:57 GMT+0200 (Eastern European Standard Time)
[debug] [2023-02-25T12:23:57.270Z] ----------------------------------------------------------------------
[debug] 
[debug] [2023-02-25T12:23:57.534Z] > command requires scopes: ["email","openid","https://www.googleapis.com/auth/cloudplatformprojects.readonly","https://www.googleapis.com/auth/firebase","https://www.googleapis.com/auth/cloud-platform"]
[debug] [2023-02-25T12:23:57.536Z] > authorizing via signed-in user (yassenshopov00@gmail.com)
[debug] [2023-02-25T12:23:57.536Z] [iam] checking project inkmorphism for permissions ["firebase.projects.get","firebasehosting.sites.update"]
[debug] [2023-02-25T12:23:57.543Z] >>> [apiv2][query] POST https://cloudresourcemanager.googleapis.com/v1/projects/inkmorphism:testIamPermissions [none]
[debug] [2023-02-25T12:23:57.545Z] >>> [apiv2][(partial)header] POST https://cloudresourcemanager.googleapis.com/v1/projects/inkmorphism:testIamPermissions x-goog-quota-user=projects/inkmorphism
[debug] [2023-02-25T12:23:57.545Z] >>> [apiv2][body] POST https://cloudresourcemanager.googleapis.com/v1/projects/inkmorphism:testIamPermissions {"permissions":["firebase.projects.get","firebasehosting.sites.update"]}
[debug] [2023-02-25T12:23:58.903Z] <<< [apiv2][status] POST https://cloudresourcemanager.googleapis.com/v1/projects/inkmorphism:testIamPermissions 200
[debug] [2023-02-25T12:23:58.905Z] <<< [apiv2][body] POST https://cloudresourcemanager.googleapis.com/v1/projects/inkmorphism:testIamPermissions {"permissions":["firebase.projects.get","firebasehosting.sites.update"]}
[debug] [2023-02-25T12:23:58.907Z] >>> [apiv2][query] GET https://firebase.googleapis.com/v1beta1/projects/inkmorphism [none]
[debug] [2023-02-25T12:23:59.350Z] <<< [apiv2][status] GET https://firebase.googleapis.com/v1beta1/projects/inkmorphism 200
[debug] [2023-02-25T12:23:59.351Z] <<< [apiv2][body] GET https://firebase.googleapis.com/v1beta1/projects/inkmorphism {"projectId":"inkmorphism","projectNumber":"958500926197","displayName":"inkmorphism","name":"projects/inkmorphism","resources":{"hostingSite":"inkmorphism","storageBucket":"inkmorphism.appspot.com","locationId":"us-central"},"state":"ACTIVE","etag":"1_e2680a6f-e392-4c67-8ad7-75a2f48ad02f"}
[debug] [2023-02-25T12:24:06.654Z] >>> [apiv2][query] GET https://firebasehosting.googleapis.com/v1beta1/projects/inkmorphism/sites pageToken=&pageSize=10
[debug] [2023-02-25T12:24:07.871Z] <<< [apiv2][status] GET https://firebasehosting.googleapis.com/v1beta1/projects/inkmorphism/sites 200
[debug] [2023-02-25T12:24:07.872Z] <<< [apiv2][body] GET https://firebasehosting.googleapis.com/v1beta1/projects/inkmorphism/sites {"sites":[{"name":"projects/inkmorphism/sites/inkmorphism","defaultUrl":"https://inkmorphism.web.app","type":"DEFAULT_SITE"}]}
[debug] [2023-02-25T12:24:07.874Z] >>> [apiv2][query] GET https://firebasehosting.googleapis.com/v1beta1/projects/inkmorphism/sites 
[debug] [2023-02-25T12:24:08.255Z] <<< [apiv2][status] GET https://firebasehosting.googleapis.com/v1beta1/projects/inkmorphism/sites 200
[debug] [2023-02-25T12:24:08.256Z] <<< [apiv2][body] GET https://firebasehosting.googleapis.com/v1beta1/projects/inkmorphism/sites {"sites":[{"name":"projects/inkmorphism/sites/inkmorphism","defaultUrl":"https://inkmorphism.web.app","type":"DEFAULT_SITE"}]}
[debug] [2023-02-25T12:24:08.257Z] >>> [apiv2][query] GET https://firebase.googleapis.com/v1beta1/projects/inkmorphism/webApps/-/config [none]
[debug] [2023-02-25T12:24:09.073Z] <<< [apiv2][status] GET https://firebase.googleapis.com/v1beta1/projects/inkmorphism/webApps/-/config 200
[debug] [2023-02-25T12:24:09.074Z] <<< [apiv2][body] GET https://firebase.googleapis.com/v1beta1/projects/inkmorphism/webApps/-/config {"projectId":"inkmorphism","appId":"1:958500926197:web:7100568f3d871252924bbc","storageBucket":"inkmorphism.appspot.com","locationId":"us-central","apiKey":"AIzaSyC9YCslpVt_W8QyQKeI9gwaLeHeVWF6Kec","authDomain":"inkmorphism.firebaseapp.com","messagingSenderId":"958500926197","measurementId":"G-45TFYSTFLF"}
[debug] [2023-02-25T12:26:01.918Z] Error: Export encountered errors on following paths:
	/components/footer
	/components/hero
	/components/nav
    at /home/yassenshopov/Documents/Programming/Github_Repositories/inkmorphism-next/node_modules/next/dist/export/index.js:409:19
    at process.processTicksAndRejections (node:internal/process/task_queues:95:5)
    at async Span.traceAsyncFn (/home/yassenshopov/Documents/Programming/Github_Repositories/inkmorphism-next/node_modules/next/dist/trace/trace.js:79:20)
    at async /home/yassenshopov/Documents/Programming/Github_Repositories/inkmorphism-next/node_modules/next/dist/build/index.js:1345:21
    at async Span.traceAsyncFn (/home/yassenshopov/Documents/Programming/Github_Repositories/inkmorphism-next/node_modules/next/dist/trace/trace.js:79:20)
    at async /home/yassenshopov/Documents/Programming/Github_Repositories/inkmorphism-next/node_modules/next/dist/build/index.js:1205:17
    at async Span.traceAsyncFn (/home/yassenshopov/Documents/Programming/Github_Repositories/inkmorphism-next/node_modules/next/dist/trace/trace.js:79:20)
    at async build (/home/yassenshopov/Documents/Programming/Github_Repositories/inkmorphism-next/node_modules/next/dist/build/index.js:66:29)
    at async build (/usr/local/lib/node_modules/firebase-tools/lib/frameworks/next/index.js:55:5)
    at async prepareFrameworks (/usr/local/lib/node_modules/firebase-tools/lib/frameworks/index.js:261:108)
    at async deploy (/usr/local/lib/node_modules/firebase-tools/lib/deploy/index.js:53:13)
[error] 
[error] Error: An unexpected error has occurred.
